<?xml version="1.0" encoding="UTF-8"?>
<testsuite name="agh.ii.prinjava.proj1.impl.MyQueueDLLBImplTest" tests="4" skipped="0" failures="0" errors="0" timestamp="2021-10-21T21:32:30" hostname="DESKTOP-TV3NLIJ" time="0.013">
  <properties/>
  <testcase name="peekTest()" classname="agh.ii.prinjava.proj1.impl.MyQueueDLLBImplTest" time="0.001"/>
  <testcase name="numOfElemsTest()" classname="agh.ii.prinjava.proj1.impl.MyQueueDLLBImplTest" time="0.001"/>
  <testcase name="dequeueTest()" classname="agh.ii.prinjava.proj1.impl.MyQueueDLLBImplTest" time="0.007"/>
  <testcase name="enqueueTest()" classname="agh.ii.prinjava.proj1.impl.MyQueueDLLBImplTest" time="0.001"/>
  <system-out><![CDATA[]]></system-out>
  <system-err><![CDATA[]]></system-err>
</testsuite>
