<?xml version="1.0" encoding="UTF-8"?>
<testsuite name="agh.ii.prinjava.proj1.impl.DLinkListTest" tests="6" skipped="0" failures="0" errors="0" timestamp="2021-10-21T21:32:30" hostname="DESKTOP-TV3NLIJ" time="0.099">
  <properties/>
  <testcase name="removeFirstTest()" classname="agh.ii.prinjava.proj1.impl.DLinkListTest" time="0.078"/>
  <testcase name="addFirstTest()" classname="agh.ii.prinjava.proj1.impl.DLinkListTest" time="0.002"/>
  <testcase name="peekTest()" classname="agh.ii.prinjava.proj1.impl.DLinkListTest" time="0.003"/>
  <testcase name="numOfElemsTest()" classname="agh.ii.prinjava.proj1.impl.DLinkListTest" time="0.002"/>
  <testcase name="removeLastTest()" classname="agh.ii.prinjava.proj1.impl.DLinkListTest" time="0.002"/>
  <testcase name="addLastTest()" classname="agh.ii.prinjava.proj1.impl.DLinkListTest" time="0.003"/>
  <system-out><![CDATA[]]></system-out>
  <system-err><![CDATA[]]></system-err>
</testsuite>
