<?xml version="1.0" encoding="UTF-8"?>
<testsuite name="agh.ii.prinjava.proj1.impl.MyStackDLLBImplTest" tests="2" skipped="0" failures="0" errors="0" timestamp="2021-10-21T20:38:18" hostname="DESKTOP-TV3NLIJ" time="0.002">
  <properties/>
  <testcase name="pop()" classname="agh.ii.prinjava.proj1.impl.MyStackDLLBImplTest" time="0.001"/>
  <testcase name="pushTest()" classname="agh.ii.prinjava.proj1.impl.MyStackDLLBImplTest" time="0.0"/>
  <system-out><![CDATA[]]></system-out>
  <system-err><![CDATA[]]></system-err>
</testsuite>
